

============================== 2023-03-24 13:54:34.077396 | 1f5a98b6-38c3-47f6-8c3f-652b1081b3fd ==============================
[0m13:54:34.077396 [info ] [MainThread]: Running with dbt=1.4.0
[0m13:54:34.081349 [debug] [MainThread]: running dbt with arguments {'write_json': True, 'use_colors': True, 'printer_width': 80, 'version_check': True, 'partial_parse': True, 'static_parser': True, 'profiles_dir': '/home/src/de-bootcamp-project/dbt', 'send_anonymous_usage_stats': True, 'quiet': False, 'no_print': False, 'cache_selected_only': False, 'project_name': 'polit', 'skip_profile_setup': True, 'which': 'init', 'indirect_selection': 'eager'}
[0m13:54:34.082379 [debug] [MainThread]: Tracking: tracking
[0m13:54:34.085416 [debug] [MainThread]: Sending event: {'category': 'dbt', 'action': 'invocation', 'label': 'start', 'context': [<snowplow_tracker.self_describing_json.SelfDescribingJson object at 0x7fa5f05a4af0>, <snowplow_tracker.self_describing_json.SelfDescribingJson object at 0x7fa5f05a44f0>, <snowplow_tracker.self_describing_json.SelfDescribingJson object at 0x7fa5f05a47c0>]}
[0m13:54:34.090016 [debug] [MainThread]: Starter project path: /usr/local/lib/python3.10/site-packages/dbt/include/starter_project
[0m13:54:34.227064 [debug] [MainThread]: Sending event: {'category': 'dbt', 'action': 'invocation', 'label': 'end', 'context': [<snowplow_tracker.self_describing_json.SelfDescribingJson object at 0x7fa5f05a4a60>, <snowplow_tracker.self_describing_json.SelfDescribingJson object at 0x7fa5f05a66b0>, <snowplow_tracker.self_describing_json.SelfDescribingJson object at 0x7fa5f05a6290>]}
[0m13:54:34.227999 [debug] [MainThread]: Flushing usage events


============================== 2023-03-24 13:58:36.219838 | e3823cea-0e54-4ceb-a7bd-7007722bacd0 ==============================
[0m13:58:36.219838 [info ] [MainThread]: Running with dbt=1.4.0
[0m13:58:36.222000 [debug] [MainThread]: running dbt with arguments {'write_json': True, 'use_colors': True, 'printer_width': 80, 'version_check': True, 'partial_parse': True, 'static_parser': True, 'profiles_dir': '/home/src/de-bootcamp-project/dbt', 'send_anonymous_usage_stats': True, 'quiet': False, 'no_print': False, 'cache_selected_only': False, 'config_dir': False, 'which': 'debug', 'indirect_selection': 'eager'}
[0m13:58:36.223135 [debug] [MainThread]: Tracking: tracking
[0m13:58:36.225055 [debug] [MainThread]: Sending event: {'category': 'dbt', 'action': 'invocation', 'label': 'start', 'context': [<snowplow_tracker.self_describing_json.SelfDescribingJson object at 0x7f18882c6530>, <snowplow_tracker.self_describing_json.SelfDescribingJson object at 0x7f18882c7070>, <snowplow_tracker.self_describing_json.SelfDescribingJson object at 0x7f18882c6440>]}
[0m13:58:37.178524 [debug] [MainThread]: Executing "git --help"
[0m13:58:37.183166 [debug] [MainThread]: STDOUT: "b"usage: git [--version] [--help] [-C <path>] [-c <name>=<value>]\n           [--exec-path[=<path>]] [--html-path] [--man-path] [--info-path]\n           [-p | --paginate | -P | --no-pager] [--no-replace-objects] [--bare]\n           [--git-dir=<path>] [--work-tree=<path>] [--namespace=<name>]\n           <command> [<args>]\n\nThese are common Git commands used in various situations:\n\nstart a working area (see also: git help tutorial)\n   clone             Clone a repository into a new directory\n   init              Create an empty Git repository or reinitialize an existing one\n\nwork on the current change (see also: git help everyday)\n   add               Add file contents to the index\n   mv                Move or rename a file, a directory, or a symlink\n   restore           Restore working tree files\n   rm                Remove files from the working tree and from the index\n   sparse-checkout   Initialize and modify the sparse-checkout\n\nexamine the history and state (see also: git help revisions)\n   bisect            Use binary search to find the commit that introduced a bug\n   diff              Show changes between commits, commit and working tree, etc\n   grep              Print lines matching a pattern\n   log               Show commit logs\n   show              Show various types of objects\n   status            Show the working tree status\n\ngrow, mark and tweak your common history\n   branch            List, create, or delete branches\n   commit            Record changes to the repository\n   merge             Join two or more development histories together\n   rebase            Reapply commits on top of another base tip\n   reset             Reset current HEAD to the specified state\n   switch            Switch branches\n   tag               Create, list, delete or verify a tag object signed with GPG\n\ncollaborate (see also: git help workflows)\n   fetch             Download objects and refs from another repository\n   pull              Fetch from and integrate with another repository or a local branch\n   push              Update remote refs along with associated objects\n\n'git help -a' and 'git help -g' list available subcommands and some\nconcept guides. See 'git help <command>' or 'git help <concept>'\nto read about a specific subcommand or concept.\nSee 'git help git' for an overview of the system.\n""
[0m13:58:37.184261 [debug] [MainThread]: STDERR: "b''"
[0m13:58:37.187947 [debug] [MainThread]: Acquiring new bigquery connection 'debug'
[0m13:58:37.189309 [debug] [MainThread]: Opening a new connection, currently in state init
[0m13:58:37.196624 [debug] [MainThread]: On debug: select 1 as id
[0m13:58:40.143790 [debug] [MainThread]: BigQuery adapter: https://console.cloud.google.com/bigquery?project=pol-it-de-zoomcamp&j=bq:EU:450fff7a-391f-4ba8-b2d6-79220926c91a&page=queryresults
[0m13:58:40.145047 [debug] [MainThread]: Sending event: {'category': 'dbt', 'action': 'invocation', 'label': 'end', 'context': [<snowplow_tracker.self_describing_json.SelfDescribingJson object at 0x7f185985aaa0>, <snowplow_tracker.self_describing_json.SelfDescribingJson object at 0x7f185985ab30>, <snowplow_tracker.self_describing_json.SelfDescribingJson object at 0x7f18598597b0>]}
[0m13:58:40.145972 [debug] [MainThread]: Flushing usage events
[0m13:58:40.721799 [debug] [MainThread]: Connection 'debug' was properly closed.


============================== 2023-03-24 14:00:07.288157 | 9cdbf24b-701f-4320-9539-fe85c2f900d0 ==============================
[0m14:00:07.288157 [info ] [MainThread]: Running with dbt=1.4.0
[0m14:00:07.290346 [debug] [MainThread]: running dbt with arguments {'write_json': True, 'use_colors': True, 'printer_width': 80, 'version_check': True, 'partial_parse': True, 'static_parser': True, 'profiles_dir': '/home/src/de-bootcamp-project/dbt', 'send_anonymous_usage_stats': True, 'quiet': False, 'no_print': False, 'cache_selected_only': False, 'config_dir': False, 'which': 'debug', 'indirect_selection': 'eager'}
[0m14:00:07.291428 [debug] [MainThread]: Tracking: tracking
[0m14:00:07.293653 [debug] [MainThread]: Sending event: {'category': 'dbt', 'action': 'invocation', 'label': 'start', 'context': [<snowplow_tracker.self_describing_json.SelfDescribingJson object at 0x7f2dbb5de4a0>, <snowplow_tracker.self_describing_json.SelfDescribingJson object at 0x7f2dbb5df100>, <snowplow_tracker.self_describing_json.SelfDescribingJson object at 0x7f2dbb5de320>]}
[0m14:00:08.106754 [debug] [MainThread]: Executing "git --help"
[0m14:00:08.108666 [debug] [MainThread]: STDOUT: "b"usage: git [--version] [--help] [-C <path>] [-c <name>=<value>]\n           [--exec-path[=<path>]] [--html-path] [--man-path] [--info-path]\n           [-p | --paginate | -P | --no-pager] [--no-replace-objects] [--bare]\n           [--git-dir=<path>] [--work-tree=<path>] [--namespace=<name>]\n           <command> [<args>]\n\nThese are common Git commands used in various situations:\n\nstart a working area (see also: git help tutorial)\n   clone             Clone a repository into a new directory\n   init              Create an empty Git repository or reinitialize an existing one\n\nwork on the current change (see also: git help everyday)\n   add               Add file contents to the index\n   mv                Move or rename a file, a directory, or a symlink\n   restore           Restore working tree files\n   rm                Remove files from the working tree and from the index\n   sparse-checkout   Initialize and modify the sparse-checkout\n\nexamine the history and state (see also: git help revisions)\n   bisect            Use binary search to find the commit that introduced a bug\n   diff              Show changes between commits, commit and working tree, etc\n   grep              Print lines matching a pattern\n   log               Show commit logs\n   show              Show various types of objects\n   status            Show the working tree status\n\ngrow, mark and tweak your common history\n   branch            List, create, or delete branches\n   commit            Record changes to the repository\n   merge             Join two or more development histories together\n   rebase            Reapply commits on top of another base tip\n   reset             Reset current HEAD to the specified state\n   switch            Switch branches\n   tag               Create, list, delete or verify a tag object signed with GPG\n\ncollaborate (see also: git help workflows)\n   fetch             Download objects and refs from another repository\n   pull              Fetch from and integrate with another repository or a local branch\n   push              Update remote refs along with associated objects\n\n'git help -a' and 'git help -g' list available subcommands and some\nconcept guides. See 'git help <command>' or 'git help <concept>'\nto read about a specific subcommand or concept.\nSee 'git help git' for an overview of the system.\n""
[0m14:00:08.109466 [debug] [MainThread]: STDERR: "b''"
[0m14:00:08.113657 [debug] [MainThread]: Acquiring new bigquery connection 'debug'
[0m14:00:08.114882 [debug] [MainThread]: Opening a new connection, currently in state init
[0m14:00:08.122506 [debug] [MainThread]: On debug: select 1 as id
[0m14:00:09.142600 [debug] [MainThread]: BigQuery adapter: https://console.cloud.google.com/bigquery?project=pol-it-de-zoomcamp&j=bq:EU:d8a5f4a4-4144-4443-90ea-31e241c96c78&page=queryresults
[0m14:00:09.143817 [debug] [MainThread]: Sending event: {'category': 'dbt', 'action': 'invocation', 'label': 'end', 'context': [<snowplow_tracker.self_describing_json.SelfDescribingJson object at 0x7f2d8cb8ab00>, <snowplow_tracker.self_describing_json.SelfDescribingJson object at 0x7f2d8cb893f0>, <snowplow_tracker.self_describing_json.SelfDescribingJson object at 0x7f2d8cb89030>]}
[0m14:00:09.144680 [debug] [MainThread]: Flushing usage events
[0m14:00:09.694104 [debug] [MainThread]: Connection 'debug' was properly closed.


============================== 2023-03-24 14:01:07.392364 | 1a09de41-9af6-48de-ab6d-880c3e2f3d6c ==============================
[0m14:01:07.392364 [info ] [MainThread]: Running with dbt=1.4.0
[0m14:01:07.394595 [debug] [MainThread]: running dbt with arguments {'write_json': True, 'use_colors': True, 'printer_width': 80, 'version_check': True, 'partial_parse': True, 'static_parser': True, 'profiles_dir': '/home/src/de-bootcamp-project/dbt', 'send_anonymous_usage_stats': True, 'quiet': False, 'no_print': False, 'cache_selected_only': False, 'config_dir': False, 'which': 'debug', 'indirect_selection': 'eager'}
[0m14:01:07.395292 [debug] [MainThread]: Tracking: tracking
[0m14:01:07.396862 [debug] [MainThread]: Sending event: {'category': 'dbt', 'action': 'invocation', 'label': 'start', 'context': [<snowplow_tracker.self_describing_json.SelfDescribingJson object at 0x7fb1cbdf24a0>, <snowplow_tracker.self_describing_json.SelfDescribingJson object at 0x7fb1cbdf3100>, <snowplow_tracker.self_describing_json.SelfDescribingJson object at 0x7fb1cbdf2320>]}
[0m14:01:08.200330 [debug] [MainThread]: Executing "git --help"
[0m14:01:08.202792 [debug] [MainThread]: STDOUT: "b"usage: git [--version] [--help] [-C <path>] [-c <name>=<value>]\n           [--exec-path[=<path>]] [--html-path] [--man-path] [--info-path]\n           [-p | --paginate | -P | --no-pager] [--no-replace-objects] [--bare]\n           [--git-dir=<path>] [--work-tree=<path>] [--namespace=<name>]\n           <command> [<args>]\n\nThese are common Git commands used in various situations:\n\nstart a working area (see also: git help tutorial)\n   clone             Clone a repository into a new directory\n   init              Create an empty Git repository or reinitialize an existing one\n\nwork on the current change (see also: git help everyday)\n   add               Add file contents to the index\n   mv                Move or rename a file, a directory, or a symlink\n   restore           Restore working tree files\n   rm                Remove files from the working tree and from the index\n   sparse-checkout   Initialize and modify the sparse-checkout\n\nexamine the history and state (see also: git help revisions)\n   bisect            Use binary search to find the commit that introduced a bug\n   diff              Show changes between commits, commit and working tree, etc\n   grep              Print lines matching a pattern\n   log               Show commit logs\n   show              Show various types of objects\n   status            Show the working tree status\n\ngrow, mark and tweak your common history\n   branch            List, create, or delete branches\n   commit            Record changes to the repository\n   merge             Join two or more development histories together\n   rebase            Reapply commits on top of another base tip\n   reset             Reset current HEAD to the specified state\n   switch            Switch branches\n   tag               Create, list, delete or verify a tag object signed with GPG\n\ncollaborate (see also: git help workflows)\n   fetch             Download objects and refs from another repository\n   pull              Fetch from and integrate with another repository or a local branch\n   push              Update remote refs along with associated objects\n\n'git help -a' and 'git help -g' list available subcommands and some\nconcept guides. See 'git help <command>' or 'git help <concept>'\nto read about a specific subcommand or concept.\nSee 'git help git' for an overview of the system.\n""
[0m14:01:08.203815 [debug] [MainThread]: STDERR: "b''"
[0m14:01:08.207812 [debug] [MainThread]: Acquiring new bigquery connection 'debug'
[0m14:01:08.209065 [debug] [MainThread]: Opening a new connection, currently in state init
[0m14:01:08.216005 [debug] [MainThread]: On debug: select 1 as id
[0m14:01:09.206998 [debug] [MainThread]: BigQuery adapter: https://console.cloud.google.com/bigquery?project=pol-it-de-zoomcamp&j=bq:EU:9444bcc3-7eee-4e37-a56d-58faa3f4a3e9&page=queryresults
[0m14:01:09.209392 [debug] [MainThread]: Sending event: {'category': 'dbt', 'action': 'invocation', 'label': 'end', 'context': [<snowplow_tracker.self_describing_json.SelfDescribingJson object at 0x7fb1cb298880>, <snowplow_tracker.self_describing_json.SelfDescribingJson object at 0x7fb1cb298a30>, <snowplow_tracker.self_describing_json.SelfDescribingJson object at 0x7fb19d3a9ed0>]}
[0m14:01:09.210423 [debug] [MainThread]: Flushing usage events
[0m14:01:09.763159 [debug] [MainThread]: Connection 'debug' was properly closed.
